2020-10-26 18:28:04 ERROR XmlValidator:29 - cvc-elt.1.a: Cannot find the declaration of element 'devices'.
org.xml.sax.SAXParseException: cvc-elt.1.a: Cannot find the declaration of element 'devices'.
	at java.xml/com.sun.org.apache.xerces.internal.util.ErrorHandlerWrapper.createSAXParseException(ErrorHandlerWrapper.java:204) ~[?:?]
	at java.xml/com.sun.org.apache.xerces.internal.util.ErrorHandlerWrapper.error(ErrorHandlerWrapper.java:135) ~[?:?]
	at java.xml/com.sun.org.apache.xerces.internal.impl.XMLErrorReporter.reportError(XMLErrorReporter.java:396) ~[?:?]
	at java.xml/com.sun.org.apache.xerces.internal.impl.XMLErrorReporter.reportError(XMLErrorReporter.java:327) ~[?:?]
	at java.xml/com.sun.org.apache.xerces.internal.impl.XMLErrorReporter.reportError(XMLErrorReporter.java:284) ~[?:?]
	at java.xml/com.sun.org.apache.xerces.internal.impl.xs.XMLSchemaValidator.handleStartElement(XMLSchemaValidator.java:2132) ~[?:?]
	at java.xml/com.sun.org.apache.xerces.internal.impl.xs.XMLSchemaValidator.startElement(XMLSchemaValidator.java:829) ~[?:?]
	at java.xml/com.sun.org.apache.xerces.internal.impl.XMLNSDocumentScannerImpl.scanStartElement(XMLNSDocumentScannerImpl.java:374) ~[?:?]
	at java.xml/com.sun.org.apache.xerces.internal.impl.XMLNSDocumentScannerImpl$NSContentDriver.scanRootElementHook(XMLNSDocumentScannerImpl.java:613) ~[?:?]
	at java.xml/com.sun.org.apache.xerces.internal.impl.XMLDocumentFragmentScannerImpl$FragmentContentDriver.next(XMLDocumentFragmentScannerImpl.java:3078) ~[?:?]
	at java.xml/com.sun.org.apache.xerces.internal.impl.XMLDocumentScannerImpl$PrologDriver.next(XMLDocumentScannerImpl.java:836) ~[?:?]
	at java.xml/com.sun.org.apache.xerces.internal.impl.XMLDocumentScannerImpl.next(XMLDocumentScannerImpl.java:605) ~[?:?]
	at java.xml/com.sun.org.apache.xerces.internal.impl.XMLNSDocumentScannerImpl.next(XMLNSDocumentScannerImpl.java:112) ~[?:?]
	at java.xml/com.sun.org.apache.xerces.internal.impl.XMLDocumentFragmentScannerImpl.scanDocument(XMLDocumentFragmentScannerImpl.java:541) ~[?:?]
	at java.xml/com.sun.org.apache.xerces.internal.parsers.XML11Configuration.parse(XML11Configuration.java:888) ~[?:?]
	at java.xml/com.sun.org.apache.xerces.internal.parsers.XML11Configuration.parse(XML11Configuration.java:824) ~[?:?]
	at java.xml/com.sun.org.apache.xerces.internal.jaxp.validation.StreamValidatorHelper.validate(StreamValidatorHelper.java:176) ~[?:?]
	at java.xml/com.sun.org.apache.xerces.internal.jaxp.validation.ValidatorImpl.validate(ValidatorImpl.java:115) ~[?:?]
	at java.xml/javax.xml.validation.Validator.validate(Validator.java:124) ~[?:?]
	at by.kukshinov.xml.application.logics.XmlValidator.isSchemaValid(XmlValidator.java:27) [classes/:?]
	at by.kukshinov.xml.application.logics.XmlValidatorTest.testInvalid(XmlValidatorTest.java:19) [test-classes/:?]
	at java.base/jdk.internal.reflect.NativeMethodAccessorImpl.invoke0(Native Method) ~[?:?]
	at java.base/jdk.internal.reflect.NativeMethodAccessorImpl.invoke(NativeMethodAccessorImpl.java:62) ~[?:?]
	at java.base/jdk.internal.reflect.DelegatingMethodAccessorImpl.invoke(DelegatingMethodAccessorImpl.java:43) ~[?:?]
	at java.base/java.lang.reflect.Method.invoke(Method.java:564) ~[?:?]
	at org.testng.internal.MethodInvocationHelper.invokeMethod(MethodInvocationHelper.java:80) [testng-6.8.jar:?]
	at org.testng.internal.Invoker.invokeMethod(Invoker.java:714) [testng-6.8.jar:?]
	at org.testng.internal.Invoker.invokeTestMethod(Invoker.java:901) [testng-6.8.jar:?]
	at org.testng.internal.Invoker.invokeTestMethods(Invoker.java:1231) [testng-6.8.jar:?]
	at org.testng.internal.TestMethodWorker.invokeTestMethods(TestMethodWorker.java:127) [testng-6.8.jar:?]
	at org.testng.internal.TestMethodWorker.run(TestMethodWorker.java:111) [testng-6.8.jar:?]
	at org.testng.TestRunner.privateRun(TestRunner.java:767) [testng-6.8.jar:?]
	at org.testng.TestRunner.run(TestRunner.java:617) [testng-6.8.jar:?]
	at org.testng.SuiteRunner.runTest(SuiteRunner.java:334) [testng-6.8.jar:?]
	at org.testng.SuiteRunner.runSequentially(SuiteRunner.java:329) [testng-6.8.jar:?]
	at org.testng.SuiteRunner.privateRun(SuiteRunner.java:291) [testng-6.8.jar:?]
	at org.testng.SuiteRunner.run(SuiteRunner.java:240) [testng-6.8.jar:?]
	at org.testng.SuiteRunnerWorker.runSuite(SuiteRunnerWorker.java:52) [testng-6.8.jar:?]
	at org.testng.SuiteRunnerWorker.run(SuiteRunnerWorker.java:86) [testng-6.8.jar:?]
	at org.testng.TestNG.runSuitesSequentially(TestNG.java:1198) [testng-6.8.jar:?]
	at org.testng.TestNG.runSuitesLocally(TestNG.java:1123) [testng-6.8.jar:?]
	at org.testng.TestNG.run(TestNG.java:1031) [testng-6.8.jar:?]
	at org.apache.maven.surefire.testng.TestNGExecutor.run(TestNGExecutor.java:77) [surefire-testng-2.12.4.jar:2.12.4]
	at org.apache.maven.surefire.testng.TestNGDirectoryTestSuite.executeMulti(TestNGDirectoryTestSuite.java:159) [surefire-testng-2.12.4.jar:2.12.4]
	at org.apache.maven.surefire.testng.TestNGDirectoryTestSuite.execute(TestNGDirectoryTestSuite.java:99) [surefire-testng-2.12.4.jar:2.12.4]
	at org.apache.maven.surefire.testng.TestNGProvider.invoke(TestNGProvider.java:106) [surefire-testng-2.12.4.jar:2.12.4]
	at java.base/jdk.internal.reflect.NativeMethodAccessorImpl.invoke0(Native Method) ~[?:?]
	at java.base/jdk.internal.reflect.NativeMethodAccessorImpl.invoke(NativeMethodAccessorImpl.java:62) ~[?:?]
	at java.base/jdk.internal.reflect.DelegatingMethodAccessorImpl.invoke(DelegatingMethodAccessorImpl.java:43) ~[?:?]
	at java.base/java.lang.reflect.Method.invoke(Method.java:564) ~[?:?]
	at org.apache.maven.surefire.util.ReflectionUtils.invokeMethodWithArray(ReflectionUtils.java:189) [surefire-api-2.12.4.jar:2.12.4]
	at org.apache.maven.surefire.booter.ProviderFactory$ProviderProxy.invoke(ProviderFactory.java:165) [surefire-booter-2.12.4.jar:2.12.4]
	at org.apache.maven.surefire.booter.ProviderFactory.invokeProvider(ProviderFactory.java:85) [surefire-booter-2.12.4.jar:2.12.4]
	at org.apache.maven.surefire.booter.ForkedBooter.runSuitesInProcess(ForkedBooter.java:115) [surefire-booter-2.12.4.jar:2.12.4]
	at org.apache.maven.surefire.booter.ForkedBooter.main(ForkedBooter.java:75) [surefire-booter-2.12.4.jar:2.12.4]
